<?xml version="1.0" encoding="UTF-8"?>
<!-- Generated by org.testng.reporters.JUnitReportReporter -->
<testsuite hostname="Mansiv" failures="0" tests="1" name="crms.selenium.test.crmstestscript" time="12.642" errors="0" timestamp="09 May 2024 13:08:40 GMT" skipped="0">
  <testcase classname="crms.selenium.test.crmstestscript" name="t_01_validate_login_crms_app" time="12.642"/>
</testsuite> <!-- crms.selenium.test.crmstestscript -->
