<?xml version="1.0" encoding="UTF-8"?>
<!-- Generated by org.testng.reporters.JUnitReportReporter -->
<testsuite hostname="Mansiv" failures="0" tests="1" name="go.games.selenium.test.TestScript" time="16.100" errors="0" timestamp="08 May 2024 13:34:04 GMT" skipped="0">
  <testcase classname="go.games.selenium.test.TestScript" name="testAddingToy" time="16.100"/>
</testsuite> <!-- go.games.selenium.test.TestScript -->
